<?xml version="1.0" encoding="UTF-8" standalone="yes"?><!DOCTYPE report PUBLIC "-//JACOCO//DTD Report 1.1//EN" "report.dtd"><report name="avlTree"><sessioninfo id="DESKTOP-8IF5MAA-9e424fb0" start="1683279089312" dump="1683279090602"/><sessioninfo id="DESKTOP-91KELLJ-40d694d7" start="1683884007344" dump="1683884008288"/><package name="avl"><class name="avl/AvlNode" sourcefilename="AvlNode.java"><method name="&lt;init&gt;" desc="(Ljava/lang/Object;)V" line="44"><counter type="INSTRUCTION" missed="28" covered="0"/><counter type="BRANCH" missed="2" covered="0"/><counter type="LINE" missed="10" covered="0"/><counter type="COMPLEXITY" missed="2" covered="0"/><counter type="METHOD" missed="1" covered="0"/></method><method name="getLeft" desc="()Lavl/AvlNode;" line="59"><counter type="INSTRUCTION" missed="3" covered="0"/><counter type="LINE" missed="1" covered="0"/><counter type="COMPLEXITY" missed="1" covered="0"/><counter type="METHOD" missed="1" covered="0"/></method><method name="setLeft" desc="(Lavl/AvlNode;)V" line="63"><counter type="INSTRUCTION" missed="4" covered="0"/><counter type="LINE" missed="2" covered="0"/><counter type="COMPLEXITY" missed="1" covered="0"/><counter type="METHOD" missed="1" covered="0"/></method><method name="getParent" desc="()Lavl/AvlNode;" line="67"><counter type="INSTRUCTION" missed="3" covered="0"/><counter type="LINE" missed="1" covered="0"/><counter type="COMPLEXITY" missed="1" covered="0"/><counter type="METHOD" missed="1" covered="0"/></method><method name="setParent" desc="(Lavl/AvlNode;)V" line="71"><counter type="INSTRUCTION" missed="4" covered="0"/><counter type="LINE" missed="2" covered="0"/><counter type="COMPLEXITY" missed="1" covered="0"/><counter type="METHOD" missed="1" covered="0"/></method><method name="getRight" desc="()Lavl/AvlNode;" line="75"><counter type="INSTRUCTION" missed="3" covered="0"/><counter type="LINE" missed="1" covered="0"/><counter type="COMPLEXITY" missed="1" covered="0"/><counter type="METHOD" missed="1" covered="0"/></method><method name="setRight" desc="(Lavl/AvlNode;)V" line="79"><counter type="INSTRUCTION" missed="4" covered="0"/><counter type="LINE" missed="2" covered="0"/><counter type="COMPLEXITY" missed="1" covered="0"/><counter type="METHOD" missed="1" covered="0"/></method><method name="getItem" desc="()Ljava/lang/Object;" line="83"><counter type="INSTRUCTION" missed="3" covered="0"/><counter type="LINE" missed="1" covered="0"/><counter type="COMPLEXITY" missed="1" covered="0"/><counter type="METHOD" missed="1" covered="0"/></method><method name="setItem" desc="(Ljava/lang/Object;)V" line="87"><counter type="INSTRUCTION" missed="4" covered="0"/><counter type="LINE" missed="2" covered="0"/><counter type="COMPLEXITY" missed="1" covered="0"/><counter type="METHOD" missed="1" covered="0"/></method><method name="getHeight" desc="()I" line="91"><counter type="INSTRUCTION" missed="3" covered="0"/><counter type="LINE" missed="1" covered="0"/><counter type="COMPLEXITY" missed="1" covered="0"/><counter type="METHOD" missed="1" covered="0"/></method><method name="setHeight" desc="(I)V" line="95"><counter type="INSTRUCTION" missed="4" covered="0"/><counter type="LINE" missed="2" covered="0"/><counter type="COMPLEXITY" missed="1" covered="0"/><counter type="METHOD" missed="1" covered="0"/></method><method name="updateHeight" desc="()V" line="99"><counter type="INSTRUCTION" missed="44" covered="0"/><counter type="BRANCH" missed="8" covered="0"/><counter type="LINE" missed="8" covered="0"/><counter type="COMPLEXITY" missed="5" covered="0"/><counter type="METHOD" missed="1" covered="0"/></method><method name="getClosestNode" desc="()Lavl/AvlNode;" line="111"><counter type="INSTRUCTION" missed="3" covered="0"/><counter type="LINE" missed="1" covered="0"/><counter type="COMPLEXITY" missed="1" covered="0"/><counter type="METHOD" missed="1" covered="0"/></method><method name="setClosestNode" desc="(Lavl/AvlNode;)V" line="115"><counter type="INSTRUCTION" missed="4" covered="0"/><counter type="LINE" missed="2" covered="0"/><counter type="COMPLEXITY" missed="1" covered="0"/><counter type="METHOD" missed="1" covered="0"/></method><method name="hasParent" desc="()Z" line="119"><counter type="INSTRUCTION" missed="7" covered="0"/><counter type="BRANCH" missed="2" covered="0"/><counter type="LINE" missed="1" covered="0"/><counter type="COMPLEXITY" missed="2" covered="0"/><counter type="METHOD" missed="1" covered="0"/></method><method name="hasLeft" desc="()Z" line="123"><counter type="INSTRUCTION" missed="7" covered="0"/><counter type="BRANCH" missed="2" covered="0"/><counter type="LINE" missed="1" covered="0"/><counter type="COMPLEXITY" missed="2" covered="0"/><counter type="METHOD" missed="1" covered="0"/></method><method name="hasRight" desc="()Z" line="127"><counter type="INSTRUCTION" missed="7" covered="0"/><counter type="BRANCH" missed="2" covered="0"/><counter type="LINE" missed="1" covered="0"/><counter type="COMPLEXITY" missed="2" covered="0"/><counter type="METHOD" missed="1" covered="0"/></method><method name="isLeaf" desc="()Z" line="132"><counter type="INSTRUCTION" missed="10" covered="0"/><counter type="BRANCH" missed="4" covered="0"/><counter type="LINE" missed="1" covered="0"/><counter type="COMPLEXITY" missed="3" covered="0"/><counter type="METHOD" missed="1" covered="0"/></method><method name="hasOnlyALeftChild" desc="()Z" line="136"><counter type="INSTRUCTION" missed="10" covered="0"/><counter type="BRANCH" missed="4" covered="0"/><counter type="LINE" missed="1" covered="0"/><counter type="COMPLEXITY" missed="3" covered="0"/><counter type="METHOD" missed="1" covered="0"/></method><method name="hasOnlyARightChild" desc="()Z" line="140"><counter type="INSTRUCTION" missed="10" covered="0"/><counter type="BRANCH" missed="4" covered="0"/><counter type="LINE" missed="1" covered="0"/><counter type="COMPLEXITY" missed="3" covered="0"/><counter type="METHOD" missed="1" covered="0"/></method><counter type="INSTRUCTION" missed="165" covered="0"/><counter type="BRANCH" missed="28" covered="0"/><counter type="LINE" missed="42" covered="0"/><counter type="COMPLEXITY" missed="34" covered="0"/><counter type="METHOD" missed="20" covered="0"/><counter type="CLASS" missed="1" covered="0"/></class><class name="avl/AvlTree" sourcefilename="AvlTree.java"><method name="&lt;init&gt;" desc="(Ljava/util/Comparator;)V" line="41"><counter type="INSTRUCTION" missed="9" covered="0"/><counter type="LINE" missed="4" covered="0"/><counter type="COMPLEXITY" missed="1" covered="0"/><counter type="METHOD" missed="1" covered="0"/></method><method name="insert" desc="(Ljava/lang/Object;)V" line="47"><counter type="INSTRUCTION" missed="9" covered="0"/><counter type="LINE" missed="3" covered="0"/><counter type="COMPLEXITY" missed="1" covered="0"/><counter type="METHOD" missed="1" covered="0"/></method><method name="insertAvlNode" desc="(Lavl/AvlNode;)V" line="52"><counter type="INSTRUCTION" missed="28" covered="0"/><counter type="BRANCH" missed="7" covered="0"/><counter type="LINE" missed="11" covered="0"/><counter type="COMPLEXITY" missed="5" covered="0"/><counter type="METHOD" missed="1" covered="0"/></method><method name="search" desc="(Ljava/lang/Object;)Lavl/AvlNode;" line="76"><counter type="INSTRUCTION" missed="9" covered="0"/><counter type="LINE" missed="2" covered="0"/><counter type="COMPLEXITY" missed="1" covered="0"/><counter type="METHOD" missed="1" covered="0"/></method><method name="searchNode" desc="(Lavl/AvlNode;)Lavl/AvlNode;" line="82"><counter type="INSTRUCTION" missed="55" covered="0"/><counter type="BRANCH" missed="12" covered="0"/><counter type="LINE" missed="20" covered="0"/><counter type="COMPLEXITY" missed="7" covered="0"/><counter type="METHOD" missed="1" covered="0"/></method><method name="delete" desc="(Ljava/lang/Object;)V" line="117"><counter type="INSTRUCTION" missed="7" covered="0"/><counter type="LINE" missed="2" covered="0"/><counter type="COMPLEXITY" missed="1" covered="0"/><counter type="METHOD" missed="1" covered="0"/></method><method name="deleteNode" desc="(Lavl/AvlNode;)V" line="123"><counter type="INSTRUCTION" missed="62" covered="0"/><counter type="BRANCH" missed="14" covered="0"/><counter type="LINE" missed="19" covered="0"/><counter type="COMPLEXITY" missed="8" covered="0"/><counter type="METHOD" missed="1" covered="0"/></method><method name="deleteLeafNode" desc="(Lavl/AvlNode;)V" line="148"><counter type="INSTRUCTION" missed="29" covered="0"/><counter type="BRANCH" missed="4" covered="0"/><counter type="LINE" missed="8" covered="0"/><counter type="COMPLEXITY" missed="3" covered="0"/><counter type="METHOD" missed="1" covered="0"/></method><method name="deleteNodeWithALeftChild" desc="(Lavl/AvlNode;)V" line="162"><counter type="INSTRUCTION" missed="14" covered="0"/><counter type="LINE" missed="5" covered="0"/><counter type="COMPLEXITY" missed="1" covered="0"/><counter type="METHOD" missed="1" covered="0"/></method><method name="deleteNodeWithARightChild" desc="(Lavl/AvlNode;)V" line="169"><counter type="INSTRUCTION" missed="14" covered="0"/><counter type="LINE" missed="5" covered="0"/><counter type="COMPLEXITY" missed="1" covered="0"/><counter type="METHOD" missed="1" covered="0"/></method><method name="searchClosestNode" desc="(Lavl/AvlNode;)I" line="184"><counter type="INSTRUCTION" missed="64" covered="0"/><counter type="BRANCH" missed="12" covered="0"/><counter type="LINE" missed="23" covered="0"/><counter type="COMPLEXITY" missed="7" covered="0"/><counter type="METHOD" missed="1" covered="0"/></method><method name="findSuccessor" desc="(Lavl/AvlNode;)Lavl/AvlNode;" line="224"><counter type="INSTRUCTION" missed="33" covered="0"/><counter type="BRANCH" missed="8" covered="0"/><counter type="LINE" missed="10" covered="0"/><counter type="COMPLEXITY" missed="5" covered="0"/><counter type="METHOD" missed="1" covered="0"/></method><method name="insertNodeLeft" desc="(Lavl/AvlNode;)V" line="245"><counter type="INSTRUCTION" missed="12" covered="0"/><counter type="LINE" missed="4" covered="0"/><counter type="COMPLEXITY" missed="1" covered="0"/><counter type="METHOD" missed="1" covered="0"/></method><method name="insertNodeRight" desc="(Lavl/AvlNode;)V" line="256"><counter type="INSTRUCTION" missed="12" covered="0"/><counter type="LINE" missed="4" covered="0"/><counter type="COMPLEXITY" missed="1" covered="0"/><counter type="METHOD" missed="1" covered="0"/></method><method name="compareNodes" desc="(Lavl/AvlNode;Lavl/AvlNode;)I" line="269"><counter type="INSTRUCTION" missed="8" covered="0"/><counter type="LINE" missed="1" covered="0"/><counter type="COMPLEXITY" missed="1" covered="0"/><counter type="METHOD" missed="1" covered="0"/></method><method name="rebalance" desc="(Lavl/AvlNode;)V" line="276"><counter type="INSTRUCTION" missed="69" covered="0"/><counter type="BRANCH" missed="12" covered="0"/><counter type="LINE" missed="17" covered="0"/><counter type="COMPLEXITY" missed="7" covered="0"/><counter type="METHOD" missed="1" covered="0"/></method><method name="leftRotation" desc="(Lavl/AvlNode;)V" line="307"><counter type="INSTRUCTION" missed="44" covered="0"/><counter type="BRANCH" missed="4" covered="0"/><counter type="LINE" missed="13" covered="0"/><counter type="COMPLEXITY" missed="3" covered="0"/><counter type="METHOD" missed="1" covered="0"/></method><method name="rightRotation" desc="(Lavl/AvlNode;)V" line="329"><counter type="INSTRUCTION" missed="44" covered="0"/><counter type="BRANCH" missed="4" covered="0"/><counter type="LINE" missed="13" covered="0"/><counter type="COMPLEXITY" missed="3" covered="0"/><counter type="METHOD" missed="1" covered="0"/></method><method name="doubleLeftRotation" desc="(Lavl/AvlNode;)V" line="351"><counter type="INSTRUCTION" missed="10" covered="0"/><counter type="LINE" missed="4" covered="0"/><counter type="COMPLEXITY" missed="1" covered="0"/><counter type="METHOD" missed="1" covered="0"/></method><method name="doubleRightRotation" desc="(Lavl/AvlNode;)V" line="358"><counter type="INSTRUCTION" missed="10" covered="0"/><counter type="LINE" missed="4" covered="0"/><counter type="COMPLEXITY" missed="1" covered="0"/><counter type="METHOD" missed="1" covered="0"/></method><method name="getBalance" desc="(Lavl/AvlNode;)I" line="368"><counter type="INSTRUCTION" missed="24" covered="0"/><counter type="BRANCH" missed="4" covered="0"/><counter type="LINE" missed="7" covered="0"/><counter type="COMPLEXITY" missed="3" covered="0"/><counter type="METHOD" missed="1" covered="0"/></method><method name="avlIsEmpty" desc="()Z" line="383"><counter type="INSTRUCTION" missed="7" covered="0"/><counter type="BRANCH" missed="2" covered="0"/><counter type="LINE" missed="1" covered="0"/><counter type="COMPLEXITY" missed="2" covered="0"/><counter type="METHOD" missed="1" covered="0"/></method><method name="insertTop" desc="(Lavl/AvlNode;)V" line="387"><counter type="INSTRUCTION" missed="4" covered="0"/><counter type="LINE" missed="2" covered="0"/><counter type="COMPLEXITY" missed="1" covered="0"/><counter type="METHOD" missed="1" covered="0"/></method><method name="getTop" desc="()Lavl/AvlNode;" line="392"><counter type="INSTRUCTION" missed="3" covered="0"/><counter type="LINE" missed="1" covered="0"/><counter type="COMPLEXITY" missed="1" covered="0"/><counter type="METHOD" missed="1" covered="0"/></method><method name="setTop" desc="(Lavl/AvlNode;)V" line="396"><counter type="INSTRUCTION" missed="8" covered="0"/><counter type="LINE" missed="3" covered="0"/><counter type="COMPLEXITY" missed="1" covered="0"/><counter type="METHOD" missed="1" covered="0"/></method><method name="height" desc="(Lavl/AvlNode;)I" line="401"><counter type="INSTRUCTION" missed="12" covered="0"/><counter type="BRANCH" missed="2" covered="0"/><counter type="LINE" missed="5" covered="0"/><counter type="COMPLEXITY" missed="2" covered="0"/><counter type="METHOD" missed="1" covered="0"/></method><method name="toString" desc="()Ljava/lang/String;" line="414"><counter type="INSTRUCTION" missed="7" covered="0"/><counter type="LINE" missed="2" covered="0"/><counter type="COMPLEXITY" missed="1" covered="0"/><counter type="METHOD" missed="1" covered="0"/></method><method name="inOrder" desc="(Lavl/AvlNode;)Ljava/lang/String;" line="421"><counter type="INSTRUCTION" missed="25" covered="0"/><counter type="BRANCH" missed="2" covered="0"/><counter type="LINE" missed="6" covered="0"/><counter type="COMPLEXITY" missed="2" covered="0"/><counter type="METHOD" missed="1" covered="0"/></method><counter type="INSTRUCTION" missed="632" covered="0"/><counter type="BRANCH" missed="87" covered="0"/><counter type="LINE" missed="199" covered="0"/><counter type="COMPLEXITY" missed="72" covered="0"/><counter type="METHOD" missed="28" covered="0"/><counter type="CLASS" missed="1" covered="0"/></class><sourcefile name="AvlNode.java"><line nr="44" mi="2" ci="0" mb="0" cb="0"/><line nr="45" mi="3" ci="0" mb="0" cb="0"/><line nr="46" mi="3" ci="0" mb="0" cb="0"/><line nr="47" mi="3" ci="0" mb="0" cb="0"/><line nr="48" mi="3" ci="0" mb="0" cb="0"/><line nr="49" mi="3" ci="0" mb="0" cb="0"/><line nr="51" mi="2" ci="0" mb="2" cb="0"/><line nr="52" mi="5" ci="0" mb="0" cb="0"/><line nr="54" mi="3" ci="0" mb="0" cb="0"/><line nr="56" mi="1" ci="0" mb="0" cb="0"/><line nr="59" mi="3" ci="0" mb="0" cb="0"/><line nr="63" mi="3" ci="0" mb="0" cb="0"/><line nr="64" mi="1" ci="0" mb="0" cb="0"/><line nr="67" mi="3" ci="0" mb="0" cb="0"/><line nr="71" mi="3" ci="0" mb="0" cb="0"/><line nr="72" mi="1" ci="0" mb="0" cb="0"/><line nr="75" mi="3" ci="0" mb="0" cb="0"/><line nr="79" mi="3" ci="0" mb="0" cb="0"/><line nr="80" mi="1" ci="0" mb="0" cb="0"/><line nr="83" mi="3" ci="0" mb="0" cb="0"/><line nr="87" mi="3" ci="0" mb="0" cb="0"/><line nr="88" mi="1" ci="0" mb="0" cb="0"/><line nr="91" mi="3" ci="0" mb="0" cb="0"/><line nr="95" mi="3" ci="0" mb="0" cb="0"/><line nr="96" mi="1" ci="0" mb="0" cb="0"/><line nr="99" mi="6" ci="0" mb="4" cb="0"/><line nr="100" mi="4" ci="0" mb="0" cb="0"/><line nr="101" mi="3" ci="0" mb="2" cb="0"/><line nr="102" mi="8" ci="0" mb="0" cb="0"/><line nr="103" mi="3" ci="0" mb="2" cb="0"/><line nr="104" mi="8" ci="0" mb="0" cb="0"/><line nr="106" mi="11" ci="0" mb="0" cb="0"/><line nr="108" mi="1" ci="0" mb="0" cb="0"/><line nr="111" mi="3" ci="0" mb="0" cb="0"/><line nr="115" mi="3" ci="0" mb="0" cb="0"/><line nr="116" mi="1" ci="0" mb="0" cb="0"/><line nr="119" mi="7" ci="0" mb="2" cb="0"/><line nr="123" mi="7" ci="0" mb="2" cb="0"/><line nr="127" mi="7" ci="0" mb="2" cb="0"/><line nr="132" mi="10" ci="0" mb="4" cb="0"/><line nr="136" mi="10" ci="0" mb="4" cb="0"/><line nr="140" mi="10" ci="0" mb="4" cb="0"/><counter type="INSTRUCTION" missed="165" covered="0"/><counter type="BRANCH" missed="28" covered="0"/><counter type="LINE" missed="42" covered="0"/><counter type="COMPLEXITY" missed="34" covered="0"/><counter type="METHOD" missed="20" covered="0"/><counter type="CLASS" missed="1" covered="0"/></sourcefile><sourcefile name="AvlTree.java"><line nr="41" mi="2" ci="0" mb="0" cb="0"/><line nr="42" mi="3" ci="0" mb="0" cb="0"/><line nr="43" mi="3" ci="0" mb="0" cb="0"/><line nr="44" mi="1" ci="0" mb="0" cb="0"/><line nr="47" mi="5" ci="0" mb="0" cb="0"/><line nr="48" mi="3" ci="0" mb="0" cb="0"/><line nr="49" mi="1" ci="0" mb="0" cb="0"/><line nr="52" mi="2" ci="0" mb="2" cb="0"/><line nr="54" mi="4" ci="0" mb="0" cb="0"/><line nr="57" mi="3" ci="0" mb="2" cb="0"/><line nr="58" mi="4" ci="0" mb="0" cb="0"/><line nr="60" mi="4" ci="0" mb="0" cb="0"/><line nr="62" mi="2" ci="0" mb="3" cb="0"/><line nr="64" mi="3" ci="0" mb="0" cb="0"/><line nr="65" mi="1" ci="0" mb="0" cb="0"/><line nr="67" mi="3" ci="0" mb="0" cb="0"/><line nr="68" mi="1" ci="0" mb="0" cb="0"/><line nr="73" mi="1" ci="0" mb="0" cb="0"/><line nr="76" mi="5" ci="0" mb="0" cb="0"/><line nr="77" mi="4" ci="0" mb="0" cb="0"/><line nr="82" mi="2" ci="0" mb="0" cb="0"/><line nr="84" mi="3" ci="0" mb="0" cb="0"/><line nr="85" mi="3" ci="0" mb="2" cb="0"/><line nr="86" mi="3" ci="0" mb="0" cb="0"/><line nr="90" mi="2" ci="0" mb="0" cb="0"/><line nr="91" mi="2" ci="0" mb="2" cb="0"/><line nr="92" mi="5" ci="0" mb="0" cb="0"/><line nr="93" mi="2" ci="0" mb="2" cb="0"/><line nr="94" mi="3" ci="0" mb="2" cb="0"/><line nr="95" mi="4" ci="0" mb="0" cb="0"/><line nr="97" mi="2" ci="0" mb="0" cb="0"/><line nr="98" mi="3" ci="0" mb="0" cb="0"/><line nr="100" mi="2" ci="0" mb="2" cb="0"/><line nr="101" mi="3" ci="0" mb="2" cb="0"/><line nr="102" mi="4" ci="0" mb="0" cb="0"/><line nr="104" mi="2" ci="0" mb="0" cb="0"/><line nr="105" mi="3" ci="0" mb="0" cb="0"/><line nr="108" mi="2" ci="0" mb="0" cb="0"/><line nr="109" mi="3" ci="0" mb="0" cb="0"/><line nr="113" mi="2" ci="0" mb="0" cb="0"/><line nr="117" mi="6" ci="0" mb="0" cb="0"/><line nr="118" mi="1" ci="0" mb="0" cb="0"/><line nr="123" mi="4" ci="0" mb="0" cb="0"/><line nr="124" mi="2" ci="0" mb="2" cb="0"/><line nr="125" mi="3" ci="0" mb="2" cb="0"/><line nr="126" mi="4" ci="0" mb="0" cb="0"/><line nr="127" mi="3" ci="0" mb="2" cb="0"/><line nr="128" mi="4" ci="0" mb="0" cb="0"/><line nr="129" mi="3" ci="0" mb="2" cb="0"/><line nr="130" mi="4" ci="0" mb="0" cb="0"/><line nr="132" mi="4" ci="0" mb="0" cb="0"/><line nr="133" mi="3" ci="0" mb="0" cb="0"/><line nr="134" mi="4" ci="0" mb="0" cb="0"/><line nr="135" mi="3" ci="0" mb="0" cb="0"/><line nr="136" mi="3" ci="0" mb="2" cb="0"/><line nr="137" mi="4" ci="0" mb="0" cb="0"/><line nr="138" mi="3" ci="0" mb="2" cb="0"/><line nr="139" mi="4" ci="0" mb="0" cb="0"/><line nr="140" mi="3" ci="0" mb="2" cb="0"/><line nr="141" mi="3" ci="0" mb="0" cb="0"/><line nr="145" mi="1" ci="0" mb="0" cb="0"/><line nr="148" mi="3" ci="0" mb="2" cb="0"/><line nr="149" mi="4" ci="0" mb="0" cb="0"/><line nr="151" mi="5" ci="0" mb="2" cb="0"/><line nr="152" mi="5" ci="0" mb="0" cb="0"/><line nr="154" mi="4" ci="0" mb="0" cb="0"/><line nr="156" mi="3" ci="0" mb="0" cb="0"/><line nr="157" mi="4" ci="0" mb="0" cb="0"/><line nr="159" mi="1" ci="0" mb="0" cb="0"/><line nr="162" mi="5" ci="0" mb="0" cb="0"/><line nr="163" mi="3" ci="0" mb="0" cb="0"/><line nr="164" mi="2" ci="0" mb="0" cb="0"/><line nr="165" mi="3" ci="0" mb="0" cb="0"/><line nr="166" mi="1" ci="0" mb="0" cb="0"/><line nr="169" mi="5" ci="0" mb="0" cb="0"/><line nr="170" mi="3" ci="0" mb="0" cb="0"/><line nr="171" mi="2" ci="0" mb="0" cb="0"/><line nr="172" mi="3" ci="0" mb="0" cb="0"/><line nr="173" mi="1" ci="0" mb="0" cb="0"/><line nr="184" mi="2" ci="0" mb="0" cb="0"/><line nr="186" mi="3" ci="0" mb="0" cb="0"/><line nr="187" mi="3" ci="0" mb="2" cb="0"/><line nr="188" mi="3" ci="0" mb="0" cb="0"/><line nr="191" mi="2" ci="0" mb="0" cb="0"/><line nr="192" mi="2" ci="0" mb="2" cb="0"/><line nr="193" mi="5" ci="0" mb="0" cb="0"/><line nr="194" mi="2" ci="0" mb="2" cb="0"/><line nr="195" mi="3" ci="0" mb="2" cb="0"/><line nr="196" mi="4" ci="0" mb="0" cb="0"/><line nr="198" mi="2" ci="0" mb="0" cb="0"/><line nr="199" mi="3" ci="0" mb="0" cb="0"/><line nr="200" mi="3" ci="0" mb="0" cb="0"/><line nr="202" mi="2" ci="0" mb="2" cb="0"/><line nr="203" mi="3" ci="0" mb="2" cb="0"/><line nr="204" mi="4" ci="0" mb="0" cb="0"/><line nr="206" mi="2" ci="0" mb="0" cb="0"/><line nr="207" mi="3" ci="0" mb="0" cb="0"/><line nr="208" mi="3" ci="0" mb="0" cb="0"/><line nr="211" mi="2" ci="0" mb="0" cb="0"/><line nr="212" mi="3" ci="0" mb="0" cb="0"/><line nr="213" mi="3" ci="0" mb="0" cb="0"/><line nr="218" mi="2" ci="0" mb="0" cb="0"/><line nr="224" mi="3" ci="0" mb="2" cb="0"/><line nr="225" mi="3" ci="0" mb="0" cb="0"/><line nr="226" mi="3" ci="0" mb="2" cb="0"/><line nr="227" mi="4" ci="0" mb="0" cb="0"/><line nr="229" mi="2" ci="0" mb="0" cb="0"/><line nr="230" mi="1" ci="0" mb="0" cb="0"/><line nr="231" mi="8" ci="0" mb="4" cb="0"/><line nr="232" mi="4" ci="0" mb="0" cb="0"/><line nr="234" mi="3" ci="0" mb="0" cb="0"/><line nr="236" mi="2" ci="0" mb="0" cb="0"/><line nr="245" mi="4" ci="0" mb="0" cb="0"/><line nr="246" mi="4" ci="0" mb="0" cb="0"/><line nr="247" mi="3" ci="0" mb="0" cb="0"/><line nr="248" mi="1" ci="0" mb="0" cb="0"/><line nr="256" mi="4" ci="0" mb="0" cb="0"/><line nr="257" mi="4" ci="0" mb="0" cb="0"/><line nr="258" mi="3" ci="0" mb="0" cb="0"/><line nr="259" mi="1" ci="0" mb="0" cb="0"/><line nr="269" mi="8" ci="0" mb="0" cb="0"/><line nr="276" mi="2" ci="0" mb="0" cb="0"/><line nr="277" mi="2" ci="0" mb="0" cb="0"/><line nr="279" mi="2" ci="0" mb="2" cb="0"/><line nr="280" mi="5" ci="0" mb="2" cb="0"/><line nr="281" mi="11" ci="0" mb="2" cb="0"/><line nr="282" mi="4" ci="0" mb="0" cb="0"/><line nr="284" mi="3" ci="0" mb="0" cb="0"/><line nr="288" mi="5" ci="0" mb="2" cb="0"/><line nr="289" mi="11" ci="0" mb="2" cb="0"/><line nr="290" mi="4" ci="0" mb="0" cb="0"/><line nr="292" mi="3" ci="0" mb="0" cb="0"/><line nr="296" mi="3" ci="0" mb="2" cb="0"/><line nr="297" mi="3" ci="0" mb="0" cb="0"/><line nr="298" mi="4" ci="0" mb="0" cb="0"/><line nr="300" mi="3" ci="0" mb="0" cb="0"/><line nr="301" mi="3" ci="0" mb="0" cb="0"/><line nr="304" mi="1" ci="0" mb="0" cb="0"/><line nr="307" mi="3" ci="0" mb="0" cb="0"/><line nr="309" mi="3" ci="0" mb="2" cb="0"/><line nr="310" mi="4" ci="0" mb="0" cb="0"/><line nr="311" mi="5" ci="0" mb="2" cb="0"/><line nr="312" mi="5" ci="0" mb="0" cb="0"/><line nr="314" mi="5" ci="0" mb="0" cb="0"/><line nr="317" mi="3" ci="0" mb="0" cb="0"/><line nr="320" mi="5" ci="0" mb="0" cb="0"/><line nr="321" mi="3" ci="0" mb="0" cb="0"/><line nr="322" mi="3" ci="0" mb="0" cb="0"/><line nr="324" mi="2" ci="0" mb="0" cb="0"/><line nr="325" mi="2" ci="0" mb="0" cb="0"/><line nr="326" mi="1" ci="0" mb="0" cb="0"/><line nr="329" mi="3" ci="0" mb="0" cb="0"/><line nr="331" mi="3" ci="0" mb="2" cb="0"/><line nr="332" mi="4" ci="0" mb="0" cb="0"/><line nr="333" mi="5" ci="0" mb="2" cb="0"/><line nr="334" mi="5" ci="0" mb="0" cb="0"/><line nr="336" mi="5" ci="0" mb="0" cb="0"/><line nr="339" mi="3" ci="0" mb="0" cb="0"/><line nr="342" mi="5" ci="0" mb="0" cb="0"/><line nr="343" mi="3" ci="0" mb="0" cb="0"/><line nr="344" mi="3" ci="0" mb="0" cb="0"/><line nr="346" mi="2" ci="0" mb="0" cb="0"/><line nr="347" mi="2" ci="0" mb="0" cb="0"/><line nr="348" mi="1" ci="0" mb="0" cb="0"/><line nr="351" mi="3" ci="0" mb="0" cb="0"/><line nr="353" mi="3" ci="0" mb="0" cb="0"/><line nr="354" mi="3" ci="0" mb="0" cb="0"/><line nr="355" mi="1" ci="0" mb="0" cb="0"/><line nr="358" mi="3" ci="0" mb="0" cb="0"/><line nr="360" mi="3" ci="0" mb="0" cb="0"/><line nr="361" mi="3" ci="0" mb="0" cb="0"/><line nr="362" mi="1" ci="0" mb="0" cb="0"/><line nr="368" mi="3" ci="0" mb="2" cb="0"/><line nr="369" mi="5" ci="0" mb="0" cb="0"/><line nr="371" mi="2" ci="0" mb="0" cb="0"/><line nr="373" mi="3" ci="0" mb="2" cb="0"/><line nr="374" mi="5" ci="0" mb="0" cb="0"/><line nr="376" mi="2" ci="0" mb="0" cb="0"/><line nr="379" mi="4" ci="0" mb="0" cb="0"/><line nr="383" mi="7" ci="0" mb="2" cb="0"/><line nr="387" mi="3" ci="0" mb="0" cb="0"/><line nr="388" mi="1" ci="0" mb="0" cb="0"/><line nr="392" mi="3" ci="0" mb="0" cb="0"/><line nr="396" mi="3" ci="0" mb="0" cb="0"/><line nr="397" mi="4" ci="0" mb="0" cb="0"/><line nr="398" mi="1" ci="0" mb="0" cb="0"/><line nr="401" mi="2" ci="0" mb="0" cb="0"/><line nr="402" mi="2" ci="0" mb="2" cb="0"/><line nr="403" mi="3" ci="0" mb="0" cb="0"/><line nr="405" mi="3" ci="0" mb="0" cb="0"/><line nr="408" mi="2" ci="0" mb="0" cb="0"/><line nr="414" mi="5" ci="0" mb="0" cb="0"/><line nr="416" mi="2" ci="0" mb="0" cb="0"/><line nr="421" mi="2" ci="0" mb="2" cb="0"/><line nr="422" mi="2" ci="0" mb="0" cb="0"/><line nr="424" mi="5" ci="0" mb="0" cb="0"/><line nr="425" mi="7" ci="0" mb="0" cb="0"/><line nr="426" mi="7" ci="0" mb="0" cb="0"/><line nr="427" mi="2" ci="0" mb="0" cb="0"/><counter type="INSTRUCTION" missed="632" covered="0"/><counter type="BRANCH" missed="87" covered="0"/><counter type="LINE" missed="199" covered="0"/><counter type="COMPLEXITY" missed="72" covered="0"/><counter type="METHOD" missed="28" covered="0"/><counter type="CLASS" missed="1" covered="0"/></sourcefile><counter type="INSTRUCTION" missed="797" covered="0"/><counter type="BRANCH" missed="115" covered="0"/><counter type="LINE" missed="241" covered="0"/><counter type="COMPLEXITY" missed="106" covered="0"/><counter type="METHOD" missed="48" covered="0"/><counter type="CLASS" missed="2" covered="0"/></package><counter type="INSTRUCTION" missed="797" covered="0"/><counter type="BRANCH" missed="115" covered="0"/><counter type="LINE" missed="241" covered="0"/><counter type="COMPLEXITY" missed="106" covered="0"/><counter type="METHOD" missed="48" covered="0"/><counter type="CLASS" missed="2" covered="0"/></report>