<?xml version="1.0" encoding="UTF-8"?>
<testsuite xmlns:xsi="http://www.w3.org/2001/XMLSchema-instance" xsi:noNamespaceSchemaLocation="https://maven.apache.org/surefire/maven-surefire-plugin/xsd/surefire-test-report.xsd" name="avl.AvlTreePracticaTest" time="0.012" tests="14" errors="0" skipped="0" failures="0">
  <properties>
[...]
</properties>
  <testcase name="test15" classname="avl.AvlTreePracticaTest$EncontrarSucesor" time="0"/>
  <testcase name="test16" classname="avl.AvlTreePracticaTest$EncontrarSucesor" time="0"/>
  <testcase name="test13" classname="avl.AvlTreePracticaTest$BorrarHijoDrcho" time="0"/>
  <testcase name="test14" classname="avl.AvlTreePracticaTest$BorrarHijoDrcho" time="0"/>
  <testcase name="test11" classname="avl.AvlTreePracticaTest$BorrarHijoIzq" time="0"/>
  <testcase name="test12" classname="avl.AvlTreePracticaTest$BorrarHijoIzq" time="0"/>
  <testcase name="test10" classname="avl.AvlTreePracticaTest$BorrarNodo" time="0"/>
  <testcase name="test9" classname="avl.AvlTreePracticaTest$BorrarNodo" time="0"/>
  <testcase name="test7" classname="avl.AvlTreePracticaTest$BuscarNodo" time="0"/>
  <testcase name="test8" classname="avl.AvlTreePracticaTest$BuscarNodo" time="0.001"/>
  <testcase name="test5" classname="avl.AvlTreePracticaTest$InsertarNodo" time="0.002"/>
  <testcase name="test6" classname="avl.AvlTreePracticaTest$InsertarNodo" time="0.001"/>
  <testcase name="test3" classname="avl.AvlTreePracticaTest$PruebaConstructor" time="0.001"/>
  <testcase name="test4" classname="avl.AvlTreePracticaTest$PruebaConstructor" time="0.001"/>
</testsuite>